[debug] [2023-12-09T17:11:04.062Z] ----------------------------------------------------------------------
[debug] [2023-12-09T17:11:04.063Z] Command:       /usr/local/bin/node /usr/local/bin/firebase init
[debug] [2023-12-09T17:11:04.063Z] CLI Version:   13.0.1
[debug] [2023-12-09T17:11:04.064Z] Platform:      darwin
[debug] [2023-12-09T17:11:04.064Z] Node Version:  v18.17.0
[debug] [2023-12-09T17:11:04.065Z] Time:          Sat Dec 09 2023 12:11:04 GMT-0500 (Eastern Standard Time)
[debug] [2023-12-09T17:11:04.065Z] ----------------------------------------------------------------------
[debug] 
[debug] [2023-12-09T17:11:04.067Z] > command requires scopes: ["email","openid","https://www.googleapis.com/auth/cloudplatformprojects.readonly","https://www.googleapis.com/auth/firebase","https://www.googleapis.com/auth/cloud-platform"]
[debug] [2023-12-09T17:11:04.068Z] > authorizing via signed-in user (jaremavip.thebest@gmail.com)
[info] 
     ######## #### ########  ######## ########     ###     ######  ########
     ##        ##  ##     ## ##       ##     ##  ##   ##  ##       ##
     ######    ##  ########  ######   ########  #########  ######  ######
     ##        ##  ##    ##  ##       ##     ## ##     ##       ## ##
     ##       #### ##     ## ######## ########  ##     ##  ######  ########

You're about to initialize a Firebase project in this directory:

  /Users/yaremapetrushchak/first_react_app

[info] 
=== Project Setup
[info] 
[info] First, let's associate this project directory with a Firebase project.
[info] You can create multiple project aliases by running firebase use --add, 
[info] but for now we'll just set up a default project.
[info] 
[debug] [2023-12-09T17:12:11.778Z] >>> [apiv2][query] GET https://firebase.googleapis.com/v1beta1/projects pageSize=100
[debug] [2023-12-09T17:12:12.257Z] <<< [apiv2][status] GET https://firebase.googleapis.com/v1beta1/projects 200
[debug] [2023-12-09T17:12:12.257Z] <<< [apiv2][body] GET https://firebase.googleapis.com/v1beta1/projects [omitted]
[info] i  Using project react-first-app-917db (react-first-app) 
[info] 
=== Hosting Setup
[debug] [2023-12-09T17:12:32.810Z] >>> [apiv2][query] GET https://firebase.googleapis.com/v1beta1/projects/react-first-app-917db [none]
[debug] [2023-12-09T17:12:33.210Z] <<< [apiv2][status] GET https://firebase.googleapis.com/v1beta1/projects/react-first-app-917db 200
[debug] [2023-12-09T17:12:33.211Z] <<< [apiv2][body] GET https://firebase.googleapis.com/v1beta1/projects/react-first-app-917db {"projectId":"react-first-app-917db","projectNumber":"77566921555","displayName":"react-first-app","name":"projects/react-first-app-917db","resources":{"hostingSite":"react-first-app-917db"},"state":"ACTIVE","etag":"1_2002e8cf-990b-4a98-a285-9148f44f986c"}
[info] 
[info] Your public directory is the folder (relative to your project directory) that
[info] will contain Hosting assets to be uploaded with firebase deploy. If you
[info] have a build process for your assets, use your build's output directory.
[info] 
[info] ✔  Wrote public/404.html 
[debug] [2023-12-09T17:13:55.409Z] >>> [apiv2][query] GET https://www.gstatic.com/firebasejs/releases.json [none]
[debug] [2023-12-09T17:13:55.488Z] <<< [apiv2][status] GET https://www.gstatic.com/firebasejs/releases.json 200
[debug] [2023-12-09T17:13:55.488Z] <<< [apiv2][body] GET https://www.gstatic.com/firebasejs/releases.json {"current":{"version":"10.7.1","browserURL":"https://www.gstatic.com/firebasejs/10.7.1/firebase.js","packageURL":"https://www.gstatic.com/firebasejs/10.7.1/firebase.tgz"},"live":{"version":"10.7","browserURL":"https://www.gstatic.com/firebasejs/live/10.7/firebase.js","packageURL":"https://www.gstatic.com/firebasejs/live/10.7/firebase.tgz"},"components":{"analytics":"https://www.gstatic.com/firebasejs/10.7.1/firebase-analytics.js","app":"https://www.gstatic.com/firebasejs/10.7.1/firebase-app.js","app-check":"https://www.gstatic.com/firebasejs/10.7.1/firebase-app-check.js","auth":"https://www.gstatic.com/firebasejs/10.7.1/firebase-auth.js","auth/cordova":"https://www.gstatic.com/firebasejs/10.7.1/firebase-auth/cordova.js","functions":"https://www.gstatic.com/firebasejs/10.7.1/firebase-functions.js","firestore":"https://www.gstatic.com/firebasejs/10.7.1/firebase-firestore.js","firestore/lite":"https://www.gstatic.com/firebasejs/10.7.1/firebase-firestore/lite.js","installations":"https://www.gstatic.com/firebasejs/10.7.1/firebase-installations.js","storage":"https://www.gstatic.com/firebasejs/10.7.1/firebase-storage.js","performance":"https://www.gstatic.com/firebasejs/10.7.1/firebase-performance.js","remote-config":"https://www.gstatic.com/firebasejs/10.7.1/firebase-remote-config.js","messaging":"https://www.gstatic.com/firebasejs/10.7.1/firebase-messaging.js","messaging/sw":"https://www.gstatic.com/firebasejs/10.7.1/firebase-messaging/sw.js","database":"https://www.gstatic.com/firebasejs/10.7.1/firebase-database.js","firestore.memory":"https://www.gstatic.com/firebasejs/10.7.1/firebase-firestore.memory.js"}}
[info] i  Skipping write of public/index.html 
[info] 
[info] i  Detected a .git folder at /Users/yaremapetrushchak/first_react_app 
[info] i  Authorizing with GitHub to upload your service account to a GitHub repository's secrets store. 
[info] 
[info] Visit this URL on this device to log in:
[info] https://github.com/login/oauth/authorize?client_id=89cf50f02ac6aaed3484&state=898781952&redirect_uri=http%3A%2F%2Flocalhost%3A9005&scope=read%3Auser%20repo%20public_repo
[info] 
[info] Waiting for authentication...
[debug] [2023-12-09T17:14:25.933Z] >>> [apiv2][query] POST https://github.com/login/oauth/access_token [none]
[debug] [2023-12-09T17:14:25.933Z] >>> [apiv2][body] POST https://github.com/login/oauth/access_token [stream]
[debug] [2023-12-09T17:14:26.149Z] <<< [apiv2][status] POST https://github.com/login/oauth/access_token 200
[debug] [2023-12-09T17:14:26.150Z] <<< [apiv2][body] POST https://github.com/login/oauth/access_token {"access_token":"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","token_type":"bearer","scope":"read:user,repo"}
[debug] [2023-12-09T17:14:26.157Z] >>> [apiv2][query] GET https://api.github.com/user [none]
[debug] [2023-12-09T17:14:26.382Z] <<< [apiv2][status] GET https://api.github.com/user 200
[debug] [2023-12-09T17:14:26.383Z] <<< [apiv2][body] GET https://api.github.com/user {"login":"jaremavip3","id":98175197,"node_id":"U_kgDOBdoI3Q","avatar_url":"https://avatars.githubusercontent.com/u/98175197?v=4","gravatar_id":"","url":"https://api.github.com/users/jaremavip3","html_url":"https://github.com/jaremavip3","followers_url":"https://api.github.com/users/jaremavip3/followers","following_url":"https://api.github.com/users/jaremavip3/following{/other_user}","gists_url":"https://api.github.com/users/jaremavip3/gists{/gist_id}","starred_url":"https://api.github.com/users/jaremavip3/starred{/owner}{/repo}","subscriptions_url":"https://api.github.com/users/jaremavip3/subscriptions","organizations_url":"https://api.github.com/users/jaremavip3/orgs","repos_url":"https://api.github.com/users/jaremavip3/repos","events_url":"https://api.github.com/users/jaremavip3/events{/privacy}","received_events_url":"https://api.github.com/users/jaremavip3/received_events","type":"User","site_admin":false,"name":"Yarema Petrushchak","company":null,"blog":"","location":null,"email":null,"hireable":null,"bio":null,"twitter_username":null,"public_repos":0,"public_gists":0,"followers":0,"following":0,"created_at":"2022-01-21T15:57:35Z","updated_at":"2023-11-20T03:39:16Z","private_gists":0,"total_private_repos":4,"owned_private_repos":4,"disk_usage":182,"collaborators":0,"two_factor_authentication":false,"plan":{"name":"free","space":976562499,"collaborators":0,"private_repos":10000}}
[info] 
[info] ✔  Success! Logged into GitHub as jaremavip3 
[info] 
